<?xml version="1.0" encoding="UTF-8"?>
<!-- Generated by org.testng.reporters.JUnitReportReporter -->
<testsuite hostname="Devarakonda" failures="0" tests="2" name="rahulshettyacademy.tests.SubmitOrderTest" time="0.000" errors="0" timestamp="23 Jun 2024 11:41:39 GMT" skipped="2">
  <testcase classname="rahulshettyacademy.tests.SubmitOrderTest" name="OrderHistoryTest" time="0.000">
    <skipped/>
  </testcase> <!-- OrderHistoryTest -->
  <testcase classname="rahulshettyacademy.tests.SubmitOrderTest" name="submitOrder" time="0.000">
    <skipped/>
  </testcase> <!-- submitOrder -->
</testsuite> <!-- rahulshettyacademy.tests.SubmitOrderTest -->
