<?xml version="1.0" encoding="UTF-8"?>
<!-- Generated by org.testng.reporters.JUnitReportReporter -->
<testsuite hostname="DESKTOP-AMSJ8TE" failures="0" tests="2" name="rahulshettyacademy.tests.SubmitOrderTest" time="53.022" errors="0" timestamp="18 Feb 2024 17:03:46 GMT" skipped="0">
  <testcase classname="rahulshettyacademy.tests.SubmitOrderTest" name="submitOrder" time="29.775"/>
  <testcase classname="rahulshettyacademy.tests.SubmitOrderTest" name="submitOrder" time="23.247"/>
</testsuite> <!-- rahulshettyacademy.tests.SubmitOrderTest -->
